<?xml version="1.0" encoding="UTF-8"?>
<!-- Generated by org.testng.reporters.JUnitReportReporter -->
<testsuite hostname="DESKTOP-EPG0GEV" failures="0" tests="4" name="BookValidation.AddBooks" time="2.138" errors="0" timestamp="2022-12-26T19:03:09 IST" skipped="0">
  <testcase classname="BookValidation.AddBooks" name="addBook" time="1.746"/>
  <system-out/>
  <testcase classname="BookValidation.AddBooks" name="addBook" time="0.137"/>
  <system-out/>
  <testcase classname="BookValidation.AddBooks" name="addBook" time="0.118"/>
  <system-out/>
  <testcase classname="BookValidation.AddBooks" name="addBook" time="0.137"/>
  <system-out/>
</testsuite> <!-- BookValidation.AddBooks -->
